

[1;32m➔ Are you ROOT[0m
uid=0(root) gid=0(wheel) groups=0(wheel),1(daemon),2(kmem),3(sys),4(tty),5(operator),8(procview),9(procmod),12(everyone),20(staff),29(certusers),61(localaccounts),80(admin),701(com.apple.sharepoint.group.1),33(_appstore),98(_lpadmin),100(_lpoperator),204(_developer),250(_analyticsusers),395(com.apple.access_ftp),398(com.apple.access_screensharing),400(com.apple.access_remote_ae)


[1;32m-----Date-----[0m
Mon Aug  5 15:57:58 CET 2024


[1;32m➔ Virtual Machine Check[0m
[0;31m❌ VM not detected[0m!


[1;32m➔ Network Interfaces[0m
lo0: flags=8049<UP,LOOPBACK,RUNNING,MULTICAST> mtu 16384
	options=1203<RXCSUM,TXCSUM,TXSTATUS,SW_TIMESTAMP>
	inet 127.0.0.1 netmask 0xff000000
	inet6 ::1 prefixlen 128 
	inet6 fe80::1%lo0 prefixlen 64 scopeid 0x1 
	nd6 options=201<PERFORMNUD,DAD>
gif0: flags=8010<POINTOPOINT,MULTICAST> mtu 1280
stf0: flags=0<> mtu 1280
anpi0: flags=8863<UP,BROADCAST,SMART,RUNNING,SIMPLEX,MULTICAST> mtu 1500
	options=400<CHANNEL_IO>
	ether de:c3:39:b7:5c:9f
	media: none
	status: inactive
anpi1: flags=8863<UP,BROADCAST,SMART,RUNNING,SIMPLEX,MULTICAST> mtu 1500
	options=400<CHANNEL_IO>
	ether de:c3:39:b7:5c:a0
	media: none
	status: inactive
en4: flags=8863<UP,BROADCAST,SMART,RUNNING,SIMPLEX,MULTICAST> mtu 1500
	options=400<CHANNEL_IO>
	ether de:c3:39:b7:5c:7f
	nd6 options=201<PERFORMNUD,DAD>
	media: none
	status: inactive
en5: flags=8863<UP,BROADCAST,SMART,RUNNING,SIMPLEX,MULTICAST> mtu 1500
	options=400<CHANNEL_IO>
	ether de:c3:39:b7:5c:80
	nd6 options=201<PERFORMNUD,DAD>
	media: none
	status: inactive
en1: flags=8963<UP,BROADCAST,SMART,RUNNING,PROMISC,SIMPLEX,MULTICAST> mtu 1500
	options=460<TSO4,TSO6,CHANNEL_IO>
	ether 36:bd:e3:e0:28:40
	media: autoselect <full-duplex>
	status: inactive
en2: flags=8963<UP,BROADCAST,SMART,RUNNING,PROMISC,SIMPLEX,MULTICAST> mtu 1500
	options=460<TSO4,TSO6,CHANNEL_IO>
	ether 36:bd:e3:e0:28:44
	media: autoselect <full-duplex>
	status: inactive
en3: flags=8963<UP,BROADCAST,SMART,RUNNING,PROMISC,SIMPLEX,MULTICAST> mtu 1500
	options=460<TSO4,TSO6,CHANNEL_IO>
	ether 36:bd:e3:e0:28:48
	media: autoselect <full-duplex>
	status: inactive
bridge0: flags=8863<UP,BROADCAST,SMART,RUNNING,SIMPLEX,MULTICAST> mtu 1500
	options=63<RXCSUM,TXCSUM,TSO4,TSO6>
	ether 36:bd:e3:e0:28:40
	Configuration:
		id 0:0:0:0:0:0 priority 0 hellotime 0 fwddelay 0
		maxage 0 holdcnt 0 proto stp maxaddr 100 timeout 1200
		root id 0:0:0:0:0:0 priority 0 ifcost 0 port 0
		ipfilter disabled flags 0x0
	member: en1 flags=3<LEARNING,DISCOVER>
	        ifmaxaddr 0 port 8 priority 0 path cost 0
	member: en2 flags=3<LEARNING,DISCOVER>
	        ifmaxaddr 0 port 9 priority 0 path cost 0
	member: en3 flags=3<LEARNING,DISCOVER>
	        ifmaxaddr 0 port 10 priority 0 path cost 0
	nd6 options=201<PERFORMNUD,DAD>
	media: <unknown type>
	status: inactive
ap1: flags=8843<UP,BROADCAST,RUNNING,SIMPLEX,MULTICAST> mtu 1500
	options=6460<TSO4,TSO6,CHANNEL_IO,PARTIAL_CSUM,ZEROINVERT_CSUM>
	ether 62:3e:5f:81:c9:e7
	inet6 fe80::603e:5fff:fe81:c9e7%ap1 prefixlen 64 scopeid 0xc 
	nd6 options=201<PERFORMNUD,DAD>
	media: autoselect (<unknown type>)
	status: inactive
en0: flags=8b63<UP,BROADCAST,SMART,RUNNING,PROMISC,ALLMULTI,SIMPLEX,MULTICAST> mtu 1500
	options=6460<TSO4,TSO6,CHANNEL_IO,PARTIAL_CSUM,ZEROINVERT_CSUM>
	ether 60:3e:5f:81:c9:e7
	inet6 fe80::14c9:e15f:1517:a64e%en0 prefixlen 64 secured scopeid 0xd 
	inet 192.168.1.145 netmask 0xffffff00 broadcast 192.168.1.255
	nd6 options=201<PERFORMNUD,DAD>
	media: autoselect
	status: active
awdl0: flags=8843<UP,BROADCAST,RUNNING,SIMPLEX,MULTICAST> mtu 1500
	options=6460<TSO4,TSO6,CHANNEL_IO,PARTIAL_CSUM,ZEROINVERT_CSUM>
	ether da:e2:7b:69:2b:93
	inet6 fe80::d8e2:7bff:fe69:2b93%awdl0 prefixlen 64 scopeid 0xe 
	nd6 options=201<PERFORMNUD,DAD>
	media: autoselect
	status: active
llw0: flags=8863<UP,BROADCAST,SMART,RUNNING,SIMPLEX,MULTICAST> mtu 1500
	options=400<CHANNEL_IO>
	ether da:e2:7b:69:2b:93
	inet6 fe80::d8e2:7bff:fe69:2b93%llw0 prefixlen 64 scopeid 0xf 
	nd6 options=201<PERFORMNUD,DAD>
	media: autoselect
	status: inactive
utun0: flags=8051<UP,POINTOPOINT,RUNNING,MULTICAST> mtu 1500
	inet6 fe80::56be:5629:c0c9:836e%utun0 prefixlen 64 scopeid 0x10 
	nd6 options=201<PERFORMNUD,DAD>
utun1: flags=8051<UP,POINTOPOINT,RUNNING,MULTICAST> mtu 2000
	inet6 fe80::fd1e:3189:56f2:1b38%utun1 prefixlen 64 scopeid 0x11 
	nd6 options=201<PERFORMNUD,DAD>
utun2: flags=8051<UP,POINTOPOINT,RUNNING,MULTICAST> mtu 1000
	inet6 fe80::ce81:b1c:bd2c:69e%utun2 prefixlen 64 scopeid 0x12 
	nd6 options=201<PERFORMNUD,DAD>
utun3: flags=8051<UP,POINTOPOINT,RUNNING,MULTICAST> mtu 1380
	inet6 fe80::eecc:5cfc:da75:140e%utun3 prefixlen 64 scopeid 0x13 
	nd6 options=201<PERFORMNUD,DAD>
utun4: flags=8051<UP,POINTOPOINT,RUNNING,MULTICAST> mtu 1380
	options=6460<TSO4,TSO6,CHANNEL_IO,PARTIAL_CSUM,ZEROINVERT_CSUM>
	inet6 fe80::623e:5fff:fe81:c9e7%utun4 prefixlen 64 scopeid 0x14 
	inet 249.216.71.42 --> 249.216.71.42 netmask 0xffffffff
	inet6 fddd:dddd:1000:0:baac:9405:1bfe:d95f prefixlen 120 
	nd6 options=201<PERFORMNUD,DAD>
vmenet0: flags=8963<UP,BROADCAST,SMART,RUNNING,PROMISC,SIMPLEX,MULTICAST> mtu 1500
	ether 1e:4d:48:fd:bb:85
	media: autoselect
	status: active
bridge100: flags=8863<UP,BROADCAST,SMART,RUNNING,SIMPLEX,MULTICAST> mtu 1500
	options=3<RXCSUM,TXCSUM>
	ether 62:3e:5f:18:7b:64
	inet 172.16.13.1 netmask 0xffffff00 broadcast 172.16.13.255
	inet6 fe80::603e:5fff:fe18:7b64%bridge100 prefixlen 64 scopeid 0x16 
	Configuration:
		id 0:0:0:0:0:0 priority 0 hellotime 0 fwddelay 0
		maxage 0 holdcnt 0 proto stp maxaddr 100 timeout 1200
		root id 0:0:0:0:0:0 priority 0 ifcost 0 port 0
		ipfilter disabled flags 0x0
	member: vmenet0 flags=3<LEARNING,DISCOVER>
	        ifmaxaddr 0 port 21 priority 0 path cost 0
	nd6 options=201<PERFORMNUD,DAD>
	media: autoselect
	status: active
vmenet1: flags=8963<UP,BROADCAST,SMART,RUNNING,PROMISC,SIMPLEX,MULTICAST> mtu 1500
	ether c6:71:7f:29:e2:9e
	media: autoselect
	status: active
bridge101: flags=8863<UP,BROADCAST,SMART,RUNNING,SIMPLEX,MULTICAST> mtu 1500
	options=3<RXCSUM,TXCSUM>
	ether 62:3e:5f:18:7b:65
	inet 172.16.22.1 netmask 0xffffff00 broadcast 172.16.22.255
	inet6 fe80::603e:5fff:fe18:7b65%bridge101 prefixlen 64 scopeid 0x18 
	Configuration:
		id 0:0:0:0:0:0 priority 0 hellotime 0 fwddelay 0
		maxage 0 holdcnt 0 proto stp maxaddr 100 timeout 1200
		root id 0:0:0:0:0:0 priority 0 ifcost 0 port 0
		ipfilter disabled flags 0x0
	member: vmenet1 flags=3<LEARNING,DISCOVER>
	        ifmaxaddr 0 port 23 priority 0 path cost 0
	member: vmenet2 flags=3<LEARNING,DISCOVER>
	        ifmaxaddr 0 port 25 priority 0 path cost 0
	nd6 options=201<PERFORMNUD,DAD>
	media: autoselect
	status: active
vmenet2: flags=8963<UP,BROADCAST,SMART,RUNNING,PROMISC,SIMPLEX,MULTICAST> mtu 1500
	ether e2:df:f4:ab:53:3a
	media: autoselect
	status: active
vmenet3: flags=8963<UP,BROADCAST,SMART,RUNNING,PROMISC,SIMPLEX,MULTICAST> mtu 1500
	ether 56:00:1d:0f:0b:65
	media: autoselect
	status: active
bridge102: flags=8863<UP,BROADCAST,SMART,RUNNING,SIMPLEX,MULTICAST> mtu 1500
	options=3<RXCSUM,TXCSUM>
	ether 62:3e:5f:18:7b:66
	Configuration:
		id 0:0:0:0:0:0 priority 0 hellotime 0 fwddelay 0
		maxage 0 holdcnt 0 proto stp maxaddr 100 timeout 1200
		root id 0:0:0:0:0:0 priority 0 ifcost 0 port 0
		ipfilter disabled flags 0x0
	member: en0 flags=8003<LEARNING,DISCOVER,MACNAT>
	        ifmaxaddr 0 port 13 priority 0 path cost 0
	member: vmenet3 flags=3<LEARNING,DISCOVER>
	        ifmaxaddr 0 port 26 priority 0 path cost 0
	media: autoselect
	status: active


[1;32m➔ Checking tun0 Interfaces[0m
Number of tun0 interfaces: 10


[1;32m➔ Network Routes[0m


[1;32m➔ Ping Test (External: www.Google.com)[0m
PING 8.8.8.8 (8.8.8.8): 56 data bytes
64 bytes from 8.8.8.8: icmp_seq=0 ttl=116 time=54.714 ms
64 bytes from 8.8.8.8: icmp_seq=1 ttl=116 time=51.468 ms
64 bytes from 8.8.8.8: icmp_seq=2 ttl=116 time=54.258 ms
64 bytes from 8.8.8.8: icmp_seq=3 ttl=116 time=48.781 ms

--- 8.8.8.8 ping statistics ---
4 packets transmitted, 4 packets received, 0.0% packet loss
round-trip min/avg/max/stddev = 48.781/52.305/54.714/2.384 ms

PING www.google.com (216.58.206.36): 56 data bytes
64 bytes from 216.58.206.36: icmp_seq=0 ttl=113 time=68.938 ms
64 bytes from 216.58.206.36: icmp_seq=1 ttl=113 time=65.607 ms
64 bytes from 216.58.206.36: icmp_seq=2 ttl=113 time=60.085 ms
64 bytes from 216.58.206.36: icmp_seq=3 ttl=113 time=59.120 ms

--- www.google.com ping statistics ---
4 packets transmitted, 4 packets received, 0.0% packet loss
round-trip min/avg/max/stddev = 59.120/63.438/68.938/4.026 ms


[1;32m➔ Checking VPN Connection[0m
[0;31m❌ No active OpenVPN connection found[0m


[1;32m➔ Checking Kernel Version[0m
Darwin JGHX6N0794 23.5.0 Darwin Kernel Version 23.5.0: Wed May  1 20:13:18 PDT 2024; root:xnu-10063.121.3~5/RELEASE_ARM64_T6030 arm64


[1;32m➔ Checking OS[0m


[1;32m➔ Hostname[0m
JGHX6N0794


[1;32m➔ System Uptime[0m
15:58  up 7 days,  2:46, 2 users, load averages: 3.58 2.24 2.05


[1;32m➔ CPU and Memory Usage[0m


[1;32m➔ Firewall Rules[0m


[1;32m➔ Disk Usage[0m
Filesystem        Size    Used   Avail Capacity iused ifree %iused  Mounted on
/dev/disk3s3s1   460Gi    12Gi   264Gi     5%    404k  2.8G    0%   /
devfs            199Ki   199Ki     0Bi   100%     688     0  100%   /dev
/dev/disk3s6     460Gi    15Gi   264Gi     6%      15  2.8G    0%   /System/Volumes/VM
/dev/disk3s4     460Gi    11Gi   264Gi     5%    1.5k  2.8G    0%   /System/Volumes/Preboot
/dev/disk3s2     460Gi   676Mi   264Gi     1%     322  2.8G    0%   /System/Volumes/Update
/dev/disk2s2     500Mi   6.0Mi   481Mi     2%       1  4.9M    0%   /System/Volumes/xarts
/dev/disk2s1     500Mi   6.1Mi   481Mi     2%      32  4.9M    0%   /System/Volumes/iSCPreboot
/dev/disk2s3     500Mi   2.5Mi   481Mi     1%      85  4.9M    0%   /System/Volumes/Hardware
/dev/disk3s1     460Gi   155Gi   264Gi    37%    386k  2.8G    0%   /System/Volumes/Data
map auto_home      0Bi     0Bi     0Bi   100%       0     0     -   /System/Volumes/Data/home
/dev/disk1s1     5.0Gi   864Mi   4.1Gi    17%      32   43M    0%   /System/Volumes/Update/SFR/mnt1
/dev/disk3s3     460Gi    12Gi   264Gi     5%    404k  2.8G    0%   /System/Volumes/Update/mnt1


[1;32m➔ User's Home Directory[0m
/Users/diablo


[38;5;208m✔️ Troubleshooting completed, please check the 'output.log' file created and send it to HTB support ✔️[0m
